[debug] [2023-03-25T14:29:01.228Z] ----------------------------------------------------------------------
[debug] [2023-03-25T14:29:01.230Z] Command:       C:\Program Files\nodejs\node.exe C:\Users\DELL\AppData\Roaming\npm\node_modules\firebase-tools\lib\bin\firebase.js init
[debug] [2023-03-25T14:29:01.230Z] CLI Version:   11.24.1
[debug] [2023-03-25T14:29:01.231Z] Platform:      win32
[debug] [2023-03-25T14:29:01.231Z] Node Version:  v18.13.0
[debug] [2023-03-25T14:29:01.232Z] Time:          Sat Mar 25 2023 21:29:01 GMT+0700 (Giờ Đông Dương)
[debug] [2023-03-25T14:29:01.232Z] ----------------------------------------------------------------------
[debug] 
[debug] [2023-03-25T14:29:01.291Z] > command requires scopes: ["email","openid","https://www.googleapis.com/auth/cloudplatformprojects.readonly","https://www.googleapis.com/auth/firebase","https://www.googleapis.com/auth/cloud-platform"]
[debug] [2023-03-25T14:29:01.292Z] > authorizing via signed-in user (nggiang141@gmail.com)
[info] 
     ######## #### ########  ######## ########     ###     ######  ########
     ##        ##  ##     ## ##       ##     ##  ##   ##  ##       ##
     ######    ##  ########  ######   ########  #########  ######  ######
     ##        ##  ##    ##  ##       ##     ## ##     ##       ## ##
     ##       #### ##     ## ######## ########  ##     ##  ######  ########

You're about to initialize a Firebase project in this directory:

  C:\Users\DELL\Desktop\Thư mục mới\CJ80G-1

Before we get started, keep in mind:

  * You are initializing within an existing Firebase project directory

[info] 
=== Project Setup
[info] 
[info] First, let's associate this project directory with a Firebase project.
[info] You can create multiple project aliases by running firebase use --add, 
[info] but for now we'll just set up a default project.
[info] 
[debug] [2023-03-25T14:29:06.473Z] Using project from CLI flag: test-ci-947c7
[debug] [2023-03-25T14:29:06.475Z] >>> [apiv2][query] GET https://firebase.googleapis.com/v1beta1/projects/test-ci-947c7 [none]
[debug] [2023-03-25T14:29:06.924Z] <<< [apiv2][status] GET https://firebase.googleapis.com/v1beta1/projects/test-ci-947c7 200
[debug] [2023-03-25T14:29:06.924Z] <<< [apiv2][body] GET https://firebase.googleapis.com/v1beta1/projects/test-ci-947c7 {"projectId":"test-ci-947c7","projectNumber":"268457867694","displayName":"test-ci","name":"projects/test-ci-947c7","resources":{"hostingSite":"test-ci-947c7"},"state":"ACTIVE","etag":"1_1ffc2778-cc2f-4a2b-a778-ef0c0cc81ad2"}
[info] i  Using project test-ci-947c7 (test-ci) 
[info] 
=== Hosting:github Setup
[info] 
[info] i  Detected a .git folder at C:\Users\DELL\Desktop\Thư mục mới\CJ80G-1 
[info] i  Authorizing with GitHub to upload your service account to a GitHub repository's secrets store. 
[info] 
[info] Visit this URL on this device to log in:
[info] https://github.com/login/oauth/authorize?client_id=89cf50f02ac6aaed3484&state=790306332&redirect_uri=http%3A%2F%2Flocalhost%3A9005&scope=read%3Auser%20repo%20public_repo
[info] 
[info] Waiting for authentication...
[debug] [2023-03-25T14:29:07.501Z] >>> [apiv2][query] POST https://github.com/login/oauth/access_token [none]
[debug] [2023-03-25T14:29:07.501Z] >>> [apiv2][body] POST https://github.com/login/oauth/access_token [stream]
[debug] [2023-03-25T14:29:08.032Z] <<< [apiv2][status] POST https://github.com/login/oauth/access_token 200
[debug] [2023-03-25T14:29:08.032Z] <<< [apiv2][body] POST https://github.com/login/oauth/access_token {"access_token":"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","token_type":"bearer","scope":"read:user,repo"}
[debug] [2023-03-25T14:29:08.046Z] >>> [apiv2][query] GET https://api.github.com/user [none]
[debug] [2023-03-25T14:29:08.602Z] <<< [apiv2][status] GET https://api.github.com/user 200
[debug] [2023-03-25T14:29:08.603Z] <<< [apiv2][body] GET https://api.github.com/user {"login":"Llohee","id":108848526,"node_id":"U_kgDOBnzljg","avatar_url":"https://avatars.githubusercontent.com/u/108848526?v=4","gravatar_id":"","url":"https://api.github.com/users/Llohee","html_url":"https://github.com/Llohee","followers_url":"https://api.github.com/users/Llohee/followers","following_url":"https://api.github.com/users/Llohee/following{/other_user}","gists_url":"https://api.github.com/users/Llohee/gists{/gist_id}","starred_url":"https://api.github.com/users/Llohee/starred{/owner}{/repo}","subscriptions_url":"https://api.github.com/users/Llohee/subscriptions","organizations_url":"https://api.github.com/users/Llohee/orgs","repos_url":"https://api.github.com/users/Llohee/repos","events_url":"https://api.github.com/users/Llohee/events{/privacy}","received_events_url":"https://api.github.com/users/Llohee/received_events","type":"User","site_admin":false,"name":"Nguyễn Đức Giang","company":null,"blog":"","location":"Viet Nam","email":null,"hireable":null,"bio":null,"twitter_username":null,"public_repos":11,"public_gists":0,"followers":0,"following":0,"created_at":"2022-07-07T02:34:09Z","updated_at":"2023-03-20T17:17:17Z","private_gists":0,"total_private_repos":0,"owned_private_repos":0,"disk_usage":192091,"collaborators":0,"two_factor_authentication":false,"plan":{"name":"free","space":976562499,"collaborators":0,"private_repos":10000}}
[info] 
[info] +  Success! Logged into GitHub as Llohee 
[info] 
[debug] [2023-03-25T14:29:17.024Z] >>> [apiv2][query] GET https://api.github.com/repos//actions/secrets/public-key type=owner
[debug] [2023-03-25T14:29:17.479Z] <<< [apiv2][status] GET https://api.github.com/repos//actions/secrets/public-key 404
[debug] [2023-03-25T14:29:17.479Z] <<< [apiv2][body] GET https://api.github.com/repos//actions/secrets/public-key {"message":"Not Found","documentation_url":"https://docs.github.com/rest"}
[debug] [2023-03-25T14:29:42.315Z] >>> [apiv2][query] GET https://api.github.com/repos//actions/secrets/public-key type=owner
[debug] [2023-03-25T14:29:42.732Z] <<< [apiv2][status] GET https://api.github.com/repos//actions/secrets/public-key 404
[debug] [2023-03-25T14:29:42.732Z] <<< [apiv2][body] GET https://api.github.com/repos//actions/secrets/public-key {"message":"Not Found","documentation_url":"https://docs.github.com/rest"}
[debug] [2023-03-25T14:29:44.168Z] >>> [apiv2][query] GET https://api.github.com/repos/user/actions/secrets/public-key type=owner
[debug] [2023-03-25T14:29:44.587Z] <<< [apiv2][status] GET https://api.github.com/repos/user/actions/secrets/public-key 404
[debug] [2023-03-25T14:29:44.587Z] <<< [apiv2][body] GET https://api.github.com/repos/user/actions/secrets/public-key {"message":"Not Found","documentation_url":"https://docs.github.com/rest"}
